This is pdfTeX, Version 3.14159265-2.6-1.40.17 (MiKTeX 2.9.6210 64-bit) (preloaded format=pdflatex 2017.1.13)  14 JAN 2017 01:21
entering extended mode
**"./HLPA Rel.tex"
("HLPA Rel.tex"
LaTeX2e <2016/03/31> patch level 3
Babel <3.9r> and hyphenation patterns for 75 language(s) loaded.
("C:\Program Files\MiKTeX 2.9\tex\latex\base\article.cls"
Document Class: article 2014/09/29 v1.4h Standard LaTeX document class
("C:\Program Files\MiKTeX 2.9\tex\latex\base\size10.clo"
File: size10.clo 2014/09/29 v1.4h Standard LaTeX file (size option)
)
\c@part=\count79
\c@section=\count80
\c@subsection=\count81
\c@subsubsection=\count82
\c@paragraph=\count83
\c@subparagraph=\count84
\c@figure=\count85
\c@table=\count86
\abovecaptionskip=\skip41
\belowcaptionskip=\skip42
\bibindent=\dimen102
)
("C:\Program Files\MiKTeX 2.9\tex\latex\amsmath\amsmath.sty"
Package: amsmath 2016/06/28 v2.15d AMS math features
\@mathmargin=\skip43

For additional information on amsmath, use the `?' option.
("C:\Program Files\MiKTeX 2.9\tex\latex\amsmath\amstext.sty"
Package: amstext 2000/06/29 v2.01 AMS text

("C:\Program Files\MiKTeX 2.9\tex\latex\amsmath\amsgen.sty"
File: amsgen.sty 1999/11/30 v2.0 generic functions
\@emptytoks=\toks14
\ex@=\dimen103
))
("C:\Program Files\MiKTeX 2.9\tex\latex\amsmath\amsbsy.sty"
Package: amsbsy 1999/11/29 v1.2d Bold Symbols
\pmbraise@=\dimen104
)
("C:\Program Files\MiKTeX 2.9\tex\latex\amsmath\amsopn.sty"
Package: amsopn 2016/03/08 v2.02 operator names
)
\inf@bad=\count87
LaTeX Info: Redefining \frac on input line 199.
\uproot@=\count88
\leftroot@=\count89
LaTeX Info: Redefining \overline on input line 297.
\classnum@=\count90
\DOTSCASE@=\count91
LaTeX Info: Redefining \ldots on input line 394.
LaTeX Info: Redefining \dots on input line 397.
LaTeX Info: Redefining \cdots on input line 518.
\Mathstrutbox@=\box26
\strutbox@=\box27
\big@size=\dimen105
LaTeX Font Info:    Redeclaring font encoding OML on input line 634.
LaTeX Font Info:    Redeclaring font encoding OMS on input line 635.
\macc@depth=\count92
\c@MaxMatrixCols=\count93
\dotsspace@=\muskip10
\c@parentequation=\count94
\dspbrk@lvl=\count95
\tag@help=\toks15
\row@=\count96
\column@=\count97
\maxfields@=\count98
\andhelp@=\toks16
\eqnshift@=\dimen106
\alignsep@=\dimen107
\tagshift@=\dimen108
\tagwidth@=\dimen109
\totwidth@=\dimen110
\lineht@=\dimen111
\@envbody=\toks17
\multlinegap=\skip44
\multlinetaggap=\skip45
\mathdisplay@stack=\toks18
LaTeX Info: Redefining \[ on input line 2739.
LaTeX Info: Redefining \] on input line 2740.
)
("C:\Program Files\MiKTeX 2.9\tex\latex\verbatimbox\verbatimbox.sty"
Package: verbatimbox 2014/03/12 v3.13 Routines for placing verbatim text into b
oxes, useful in places where the verbatim environment is inaccessible. Secondar
ily, for adding vertical buffer around an object.

("C:\Program Files\MiKTeX 2.9\tex\latex\tools\verbatim.sty"
Package: verbatim 2014/10/28 v1.5q LaTeX2e package for verbatim enhancements
\every@verbatim=\toks19
\verbatim@line=\toks20
\verbatim@in@stream=\read1
)
("C:\Program Files\MiKTeX 2.9\tex\latex\readarray\readarray.sty"
Package: readarray 2016/11/07\ 2.0\ Routines for inputting 2D and 3D array data
 and recalling it on an element-by-element basis.

("C:\Program Files\MiKTeX 2.9\tex\latex\base\ifthen.sty"
Package: ifthen 2014/09/29 v1.1c Standard LaTeX ifthen package (DPC)
)
("C:\Program Files\MiKTeX 2.9\tex\latex\listofitems\listofitems.sty"
("C:\Program Files\MiKTeX 2.9\tex\generic\listofitems\listofitems.tex"
\loi_nestcnt=\count99
)
Package: listofitems 2016/11/18 v1.3 Grab items in lists using user-specified s
ep char
)
\c@@index=\count100
\c@@plane=\count101
\c@@row=\count102
\c@@col=\count103
\c@use@args=\count104
\c@@record=\count105
\c@arg@index=\count106
\c@break@count=\count107
\c@index@count=\count108
\c@loop@count=\count109
\Arg@toks=\toks21
\@arrayident@toks=\toks22
\rdar@file=\read2

readarray: bounds checking OFF
)
\savedverbbox=\box28
\c@VerbboxLineNo=\count110
\boxtopsep=\dimen112
\boxbottomsep=\dimen113
\ps@tempdima=\dimen114
\ps@tempboxa=\box29
\boxtop@sep=\skip46
\boxbottom@sep=\skip47
) ("C:\Program Files\MiKTeX 2.9\tex\latex\fancyvrb\fancyvrb.sty"
Package: fancyvrb 2008/02/07

Style option: `fancyvrb' v2.7a, with DG/SPQR fixes, and firstline=lastline fix 
<2008/02/07> (tvz) ("C:\Program Files\MiKTeX 2.9\tex\latex\graphics\keyval.sty"
Package: keyval 2014/10/28 v1.15 key=value parser (DPC)
\KV@toks@=\toks23
)
\FV@CodeLineNo=\count111
\FV@InFile=\read3
\FV@TabBox=\box30
\c@FancyVerbLine=\count112
\FV@StepNumber=\count113
\FV@OutFile=\write3
) ("HLPA Rel.aux")
\openout1 = `"HLPA Rel.aux"'.

LaTeX Font Info:    Checking defaults for OML/cmm/m/it on input line 8.
LaTeX Font Info:    ... okay on input line 8.
LaTeX Font Info:    Checking defaults for T1/cmr/m/n on input line 8.
LaTeX Font Info:    ... okay on input line 8.
LaTeX Font Info:    Checking defaults for OT1/cmr/m/n on input line 8.
LaTeX Font Info:    ... okay on input line 8.
LaTeX Font Info:    Checking defaults for OMS/cmsy/m/n on input line 8.
LaTeX Font Info:    ... okay on input line 8.
LaTeX Font Info:    Checking defaults for OMX/cmex/m/n on input line 8.
LaTeX Font Info:    ... okay on input line 8.
LaTeX Font Info:    Checking defaults for U/cmr/m/n on input line 8.
LaTeX Font Info:    ... okay on input line 8.

Overfull \hbox (22.93939pt too wide) in paragraph at lines 10--10
 [][] 
 []

[1

{C:/ProgramData/MiKTeX/2.9/pdftex/config/pdftex.map}]
LaTeX Font Info:    Try loading font information for OMS+cmr on input line 38.

("C:\Program Files\MiKTeX 2.9\tex\latex\base\omscmr.fd"
File: omscmr.fd 2014/09/29 v2.5h Standard LaTeX font definitions
)
LaTeX Font Info:    Font shape `OMS/cmr/m/n' in size <10> not available
(Font)              Font shape `OMS/cmsy/m/n' tried instead on input line 38.
 [2] [3]
\c@enumTemp=\count114

Overfull \hbox (6.8617pt too wide) in paragraph at lines 118--119
[]\OT1/cmr/m/n/10 La (10) con-sente all'utente di speci-fi-care man-ual-mente u
n'espressione booleana
 []


Overfull \hbox (1.29408pt too wide) in paragraph at lines 118--119
\OT1/cmr/m/n/10 per una meta-variabile. Questa tac-tic, di-ver-sa-mente dalle a
l-tre, ha tipo $\OML/cmm/m/it/10 string \OMS/cmsy/m/n/10 !
 []

[4]
Overfull \hbox (6.74693pt too wide) in paragraph at lines 137--141
 [] 
 []


Underfull \hbox (badness 10000) in paragraph at lines 142--290

 []


Underfull \hbox (badness 10000) in paragraph at lines 142--290

 []


Underfull \hbox (badness 10000) in paragraph at lines 142--290

 []


Underfull \hbox (badness 10000) in paragraph at lines 142--290

 []


Underfull \hbox (badness 10000) in paragraph at lines 142--290

 []


Overfull \hbox (17.24684pt too wide) in paragraph at lines 142--290
[] 
 []


Underfull \hbox (badness 10000) in paragraph at lines 142--290

 []


Overfull \hbox (18.50024pt too wide) in paragraph at lines 142--290
\OT1/cmr/m/n/10 os-servi come questo passo, es-sendo \OT1/cmtt/m/n/10 tacComp \
OT1/cmr/m/n/10 una meta-tactic, com-porti l'introduzione
 []


Underfull \hbox (badness 10000) in paragraph at lines 142--290

 []


Underfull \hbox (badness 10000) in paragraph at lines 142--290

 []


Underfull \hbox (badness 10000) in paragraph at lines 142--290

 []


Underfull \hbox (badness 10000) in paragraph at lines 142--290

 []


Underfull \hbox (badness 10000) in paragraph at lines 142--290

 []


Underfull \hbox (badness 10000) in paragraph at lines 142--290

 []


Underfull \hbox (badness 10000) in paragraph at lines 142--290

 []


Underfull \hbox (badness 10000) in paragraph at lines 142--290

 []


Underfull \hbox (badness 10000) in paragraph at lines 142--290

 []


Underfull \hbox (badness 10000) in paragraph at lines 142--290

 []


Underfull \hbox (badness 10000) in paragraph at lines 142--290

 []


Underfull \hbox (badness 10000) in paragraph at lines 142--290

 []


Underfull \hbox (badness 10000) in paragraph at lines 142--290

 []


Underfull \hbox (badness 10000) in paragraph at lines 142--290

 []


Underfull \hbox (badness 10000) in paragraph at lines 142--290

 []


Underfull \hbox (badness 10000) in paragraph at lines 142--290

 []


Underfull \hbox (badness 10000) in paragraph at lines 142--290

 []

[5] [6] [7] ("HLPA Rel.aux") ) 
Here is how much of TeX's memory you used:
 1640 strings out of 493333
 21042 string characters out of 3139176
 87728 words of memory out of 3000000
 5189 multiletter control sequences out of 15000+200000
 10182 words of font info for 37 fonts, out of 3000000 for 9000
 1141 hyphenation exceptions out of 8191
 33i,6n,20p,584b,235s stack positions out of 5000i,500n,10000p,200000b,50000s
<C:/Program Files/MiKTeX 2.9/fonts/type1/public/a
msfonts/cm/cmbx10.pfb><C:/Program Files/MiKTeX 2.9/fonts/type1/public/amsfonts/
cm/cmbx12.pfb><C:/Program Files/MiKTeX 2.9/fonts/type1/public/amsfonts/cm/cmbx9
.pfb><C:/Program Files/MiKTeX 2.9/fonts/type1/public/amsfonts/cm/cmmi10.pfb><C:
/Program Files/MiKTeX 2.9/fonts/type1/public/amsfonts/cm/cmmi7.pfb><C:/Program 
Files/MiKTeX 2.9/fonts/type1/public/amsfonts/cm/cmr10.pfb><C:/Program Files/MiK
TeX 2.9/fonts/type1/public/amsfonts/cm/cmr12.pfb><C:/Program Files/MiKTeX 2.9/f
onts/type1/public/amsfonts/cm/cmr17.pfb><C:/Program Files/MiKTeX 2.9/fonts/type
1/public/amsfonts/cm/cmr7.pfb><C:/Program Files/MiKTeX 2.9/fonts/type1/public/a
msfonts/cm/cmr9.pfb><C:/Program Files/MiKTeX 2.9/fonts/type1/public/amsfonts/cm
/cmsy10.pfb><C:/Program Files/MiKTeX 2.9/fonts/type1/public/amsfonts/cm/cmsy7.p
fb><C:/Program Files/MiKTeX 2.9/fonts/type1/public/amsfonts/cm/cmti10.pfb><C:/P
rogram Files/MiKTeX 2.9/fonts/type1/public/amsfonts/cm/cmti9.pfb><C:/Program Fi
les/MiKTeX 2.9/fonts/type1/public/amsfonts/cm/cmtt10.pfb>
Output written on "HLPA Rel.pdf" (7 pages, 194592 bytes).
PDF statistics:
 86 PDF objects out of 1000 (max. 8388607)
 0 named destinations out of 1000 (max. 500000)
 1 words of extra memory for PDF output out of 10000 (max. 10000000)

